 1.153E+02    3.428E+08
 2.305E+02    3.193E+08
 3.458E+02    1.399E+08
 4.610E+02    4.363E+07
 5.763E+02    1.123E+07
 6.915E+02    2.561E+06
 8.067E+02    5.366E+05
 9.218E+02    1.058E+05
 1.037E+03    1.989E+04
 1.152E+03    3.608E+03
 1.267E+03    6.352E+02
 1.382E+03    1.092E+02
 1.497E+03    1.840E+01
 1.612E+03    3.048E+00
 1.727E+03    4.978E-01
 1.841E+03    8.031E-02
 1.956E+03    1.282E-02
 2.071E+03    2.028E-03
 2.185E+03    3.183E-04
 2.300E+03    4.962E-05
 2.414E+03    7.687E-06
 2.528E+03    1.185E-06
 2.642E+03    1.818E-07
 2.756E+03    2.778E-08
 2.870E+03    4.231E-09
 2.984E+03    6.403E-10
 3.098E+03    9.735E-11
 3.212E+03    1.472E-11
 3.325E+03    2.222E-12
